<?xml version="1.0" encoding="UTF-8"?>
<!-- Generated by org.testng.reporters.JUnitReportReporter -->
<testsuite hostname="Jagan" failures="0" tests="3" name="testFiles.Test1" time="0.029" errors="0" timestamp="2025-06-02T22:32:37 IST" skipped="0">
  <testcase classname="testFiles.Test1" name="testMethod1" time="0.020"/>
  <testcase classname="testFiles.Test1" name="testMethod3" time="0.004"/>
  <testcase classname="testFiles.Test1" name="testMethod2" time="0.005"/>
</testsuite> <!-- testFiles.Test1 -->
