<?xml version="1.0" encoding="UTF-8"?>
<!-- Generated by org.testng.reporters.JUnitReportReporter -->
<testsuite hostname="Jagan" failures="0" tests="6" name="testFiles.Test2" time="0.019" errors="0" timestamp="2025-06-06T21:18:36 IST" skipped="0">
  <testcase classname="testFiles.Test2" name="test2Method4" time="0.001"/>
  <testcase classname="testFiles.Test2" name="test2Method3" time="0.001"/>
  <testcase classname="testFiles.Test2" name="test2Method1" time="0.014"/>
  <testcase classname="testFiles.Test2" name="test2Method6" time="0.001"/>
  <testcase classname="testFiles.Test2" name="test2Method2" time="0.002"/>
  <testcase classname="testFiles.Test2" name="test2Method5" time="0.000"/>
</testsuite> <!-- testFiles.Test2 -->
