<?xml version="1.0" encoding="UTF-8"?>
<!-- Generated by org.testng.reporters.JUnitReportReporter -->
<testsuite hostname="Jagan" failures="0" tests="6" name="testFiles.Test3" time="0.028" errors="0" timestamp="2025-06-06T21:18:44 IST" skipped="1">
  <testcase classname="testFiles.Test3" name="test3Method4" time="0.003"/>
  <testcase classname="testFiles.Test3" name="test3Method6" time="0.008">
    <skipped/>
  </testcase> <!-- test3Method6 -->
  <testcase classname="testFiles.Test3" name="test3Method3" time="0.002"/>
  <testcase classname="testFiles.Test3" name="test3Method1" time="0.014"/>
  <testcase classname="testFiles.Test3" name="test3Method2" time="0.000"/>
  <testcase classname="testFiles.Test3" name="test3Method5" time="0.001"/>
</testsuite> <!-- testFiles.Test3 -->
