<?xml version="1.0" encoding="UTF-8"?>
<!-- Generated by org.testng.reporters.JUnitReportReporter -->
<testsuite hostname="Jagan" failures="0" tests="3" name="testFiles.Test1" time="0.015" errors="0" timestamp="2025-06-06T21:18:27 IST" skipped="0">
  <testcase classname="testFiles.Test1" name="testMethod2" time="0.002"/>
  <testcase classname="testFiles.Test1" name="testMethod1" time="0.009"/>
  <testcase classname="testFiles.Test1" name="testMethod3" time="0.004"/>
</testsuite> <!-- testFiles.Test1 -->
